-- 
-- Query provided by Thomas Ganka
-- Adapted by Ed Soniat to do the previous two days
--
-- Set the number of days AGO here
-- 
SET DAYS_AGO=1;
--
--
SET SECONDS_OFFSET=(86000*${hiveconf:DAYS_AGO});
-- 
--
-- EXPLAIN 
SELECT session_id, 
       visitor_id,
       from_unixtime(round(time_stamp/1000)) ,
       GET_JSON_OBJECT(biz,'$.Eng.biz[*].ENG_INTERACTIVE_IND') 
FROM vs_hdfs_v1 
-- For sites not in other use site=<siteid>
-- For sites in other use site='other' AND site_id=<siteid>
WHERE site='76226072' 
    AND get_json_object(biz,'$.Eng.biz[*].ENG_INTERACTIVE_IND') != '0.0' 
    AND day > FROM_unixTime(unix_timestamp() - ${hiveconf:SECONDS_OFFSET},'yyyyMMdd')
;Hive history file=/tmp/esoniat/hive_job_log_esoniat_201306070909_1041331628.txt
Total MapReduce jobs = 1
Launching Job 1 out of 1
Number of reduce tasks is set to 0 since there's no reduce operator
Starting Job = job_201306060848_12727, Tracking URL = http://vvpr-mha01:50030/jobdetails.jsp?jobid=job_201306060848_12727
Kill Command = /usr/lib/hadoop/bin/hadoop job  -Dmapred.job.tracker=vvpr-mha01:54311 -kill job_201306060848_12727
2013-06-07 09:10:44,350 Stage-1 map = 0%,  reduce = 0%
2013-06-07 09:11:44,552 Stage-1 map = 0%,  reduce = 0%
2013-06-07 09:12:45,250 Stage-1 map = 0%,  reduce = 0%
2013-06-07 09:13:43,075 Stage-1 map = 1%,  reduce = 0%
2013-06-07 09:14:45,221 Stage-1 map = 1%,  reduce = 0%
2013-06-07 09:15:47,219 Stage-1 map = 1%,  reduce = 0%
2013-06-07 09:16:47,380 Stage-1 map = 1%,  reduce = 0%
2013-06-07 09:17:50,272 Stage-1 map = 1%,  reduce = 0%
2013-06-07 09:18:12,022 Stage-1 map = 2%,  reduce = 0%
2013-06-07 09:19:12,939 Stage-1 map = 2%,  reduce = 0%
2013-06-07 09:20:13,958 Stage-1 map = 2%,  reduce = 0%
2013-06-07 09:21:14,074 Stage-1 map = 2%,  reduce = 0%
2013-06-07 09:22:14,482 Stage-1 map = 2%,  reduce = 0%
2013-06-07 09:22:57,526 Stage-1 map = 3%,  reduce = 0%
2013-06-07 09:23:59,559 Stage-1 map = 3%,  reduce = 0%
2013-06-07 09:25:00,385 Stage-1 map = 3%,  reduce = 0%
2013-06-07 09:25:55,288 Stage-1 map = 4%,  reduce = 0%
2013-06-07 09:26:57,372 Stage-1 map = 4%,  reduce = 0%
2013-06-07 09:27:58,626 Stage-1 map = 4%,  reduce = 0%
2013-06-07 09:28:59,832 Stage-1 map = 4%,  reduce = 0%
2013-06-07 09:29:40,712 Stage-1 map = 5%,  reduce = 0%
2013-06-07 09:30:41,686 Stage-1 map = 5%,  reduce = 0%
2013-06-07 09:31:42,874 Stage-1 map = 5%,  reduce = 0%
2013-06-07 09:32:42,991 Stage-1 map = 5%,  reduce = 0%
2013-06-07 09:33:45,130 Stage-1 map = 5%,  reduce = 0%
2013-06-07 09:33:46,494 Stage-1 map = 6%,  reduce = 0%
2013-06-07 09:34:48,672 Stage-1 map = 6%,  reduce = 0%
2013-06-07 09:35:49,553 Stage-1 map = 6%,  reduce = 0%
2013-06-07 09:36:50,599 Stage-1 map = 6%,  reduce = 0%
2013-06-07 09:37:43,558 Stage-1 map = 7%,  reduce = 0%
2013-06-07 09:38:44,721 Stage-1 map = 7%,  reduce = 0%
2013-06-07 09:39:47,421 Stage-1 map = 7%,  reduce = 0%
2013-06-07 09:40:47,681 Stage-1 map = 7%,  reduce = 0%
2013-06-07 09:41:48,691 Stage-1 map = 7%,  reduce = 0%
2013-06-07 09:41:51,158 Stage-1 map = 8%,  reduce = 0%
2013-06-07 09:42:51,907 Stage-1 map = 8%,  reduce = 0%
2013-06-07 09:43:54,970 Stage-1 map = 8%,  reduce = 0%
2013-06-07 09:44:55,860 Stage-1 map = 8%,  reduce = 0%
2013-06-07 09:45:56,224 Stage-1 map = 8%,  reduce = 0%
2013-06-07 09:46:56,265 Stage-1 map = 8%,  reduce = 0%
2013-06-07 09:47:07,683 Stage-1 map = 9%,  reduce = 0%
2013-06-07 09:48:07,886 Stage-1 map = 9%,  reduce = 0%
2013-06-07 09:49:08,192 Stage-1 map = 9%,  reduce = 0%
2013-06-07 09:50:08,251 Stage-1 map = 9%,  reduce = 0%
2013-06-07 09:51:09,356 Stage-1 map = 9%,  reduce = 0%
2013-06-07 09:52:01,437 Stage-1 map = 10%,  reduce = 0%
2013-06-07 09:53:02,342 Stage-1 map = 10%,  reduce = 0%
2013-06-07 09:54:04,471 Stage-1 map = 10%,  reduce = 0%
2013-06-07 09:55:06,801 Stage-1 map = 10%,  reduce = 0%
2013-06-07 09:56:08,276 Stage-1 map = 10%,  reduce = 0%
2013-06-07 09:57:10,671 Stage-1 map = 10%,  reduce = 0%
2013-06-07 09:57:13,389 Stage-1 map = 11%,  reduce = 0%
2013-06-07 09:58:14,296 Stage-1 map = 11%,  reduce = 0%
2013-06-07 09:59:14,463 Stage-1 map = 11%,  reduce = 0%
2013-06-07 10:00:14,486 Stage-1 map = 11%,  reduce = 0%
2013-06-07 10:01:15,210 Stage-1 map = 11%,  reduce = 0%
2013-06-07 10:01:17,228 Stage-1 map = 12%,  reduce = 0%
2013-06-07 10:02:17,360 Stage-1 map = 12%,  reduce = 0%
2013-06-07 10:03:19,228 Stage-1 map = 12%,  reduce = 0%
2013-06-07 10:04:05,074 Stage-1 map = 13%,  reduce = 0%
2013-06-07 10:05:05,516 Stage-1 map = 13%,  reduce = 0%
2013-06-07 10:06:05,875 Stage-1 map = 13%,  reduce = 0%
2013-06-07 10:06:33,066 Stage-1 map = 14%,  reduce = 0%
2013-06-07 10:07:34,388 Stage-1 map = 14%,  reduce = 0%
2013-06-07 10:08:13,793 Stage-1 map = 15%,  reduce = 0%
2013-06-07 10:09:15,448 Stage-1 map = 15%,  reduce = 0%
2013-06-07 10:09:54,438 Stage-1 map = 16%,  reduce = 0%
2013-06-07 10:10:58,340 Stage-1 map = 16%,  reduce = 0%
2013-06-07 10:11:58,775 Stage-1 map = 16%,  reduce = 0%
2013-06-07 10:12:10,916 Stage-1 map = 17%,  reduce = 0%
2013-06-07 10:13:13,098 Stage-1 map = 17%,  reduce = 0%
2013-06-07 10:14:16,483 Stage-1 map = 17%,  reduce = 0%
2013-06-07 10:14:49,762 Stage-1 map = 18%,  reduce = 0%
2013-06-07 10:15:55,377 Stage-1 map = 18%,  reduce = 0%
2013-06-07 10:16:56,346 Stage-1 map = 18%,  reduce = 0%
2013-06-07 10:17:55,654 Stage-1 map = 19%,  reduce = 0%
2013-06-07 10:18:55,791 Stage-1 map = 19%,  reduce = 0%
2013-06-07 10:19:56,877 Stage-1 map = 19%,  reduce = 0%
2013-06-07 10:20:44,094 Stage-1 map = 20%,  reduce = 0%
2013-06-07 10:21:46,097 Stage-1 map = 20%,  reduce = 0%
2013-06-07 10:22:47,068 Stage-1 map = 20%,  reduce = 0%
2013-06-07 10:23:48,091 Stage-1 map = 20%,  reduce = 0%
2013-06-07 10:24:48,560 Stage-1 map = 20%,  reduce = 0%
2013-06-07 10:25:23,571 Stage-1 map = 21%,  reduce = 0%
2013-06-07 10:26:25,463 Stage-1 map = 21%,  reduce = 0%
2013-06-07 10:27:25,850 Stage-1 map = 21%,  reduce = 0%
2013-06-07 10:28:27,005 Stage-1 map = 21%,  reduce = 0%
2013-06-07 10:28:37,928 Stage-1 map = 22%,  reduce = 0%
2013-06-07 10:29:38,589 Stage-1 map = 22%,  reduce = 0%
2013-06-07 10:30:32,561 Stage-1 map = 23%,  reduce = 0%
2013-06-07 10:31:33,557 Stage-1 map = 23%,  reduce = 0%
2013-06-07 10:32:35,719 Stage-1 map = 23%,  reduce = 0%
2013-06-07 10:32:40,009 Stage-1 map = 24%,  reduce = 0%
2013-06-07 10:33:40,958 Stage-1 map = 24%,  reduce = 0%
2013-06-07 10:34:43,098 Stage-1 map = 24%,  reduce = 0%
2013-06-07 10:35:03,506 Stage-1 map = 25%,  reduce = 0%
2013-06-07 10:36:04,608 Stage-1 map = 25%,  reduce = 0%
2013-06-07 10:37:06,321 Stage-1 map = 25%,  reduce = 0%
2013-06-07 10:37:11,916 Stage-1 map = 26%,  reduce = 0%
2013-06-07 10:38:13,051 Stage-1 map = 26%,  reduce = 0%
2013-06-07 10:38:56,416 Stage-1 map = 27%,  reduce = 0%
2013-06-07 10:39:56,718 Stage-1 map = 27%,  reduce = 0%
2013-06-07 10:40:41,955 Stage-1 map = 28%,  reduce = 0%
2013-06-07 10:41:43,625 Stage-1 map = 28%,  reduce = 0%
2013-06-07 10:42:44,527 Stage-1 map = 28%,  reduce = 0%
2013-06-07 10:43:45,172 Stage-1 map = 28%,  reduce = 0%
2013-06-07 10:44:18,176 Stage-1 map = 29%,  reduce = 0%
2013-06-07 10:45:19,106 Stage-1 map = 29%,  reduce = 0%
2013-06-07 10:46:20,311 Stage-1 map = 29%,  reduce = 0%
2013-06-07 10:47:20,887 Stage-1 map = 29%,  reduce = 0%
2013-06-07 10:48:14,042 Stage-1 map = 30%,  reduce = 0%
2013-06-07 10:49:14,134 Stage-1 map = 30%,  reduce = 0%
2013-06-07 10:50:14,835 Stage-1 map = 30%,  reduce = 0%
2013-06-07 10:51:14,961 Stage-1 map = 30%,  reduce = 0%
2013-06-07 10:52:01,324 Stage-1 map = 31%,  reduce = 0%
2013-06-07 10:53:03,014 Stage-1 map = 31%,  reduce = 0%
2013-06-07 10:54:04,519 Stage-1 map = 31%,  reduce = 0%
2013-06-07 10:55:05,682 Stage-1 map = 31%,  reduce = 0%
2013-06-07 10:55:57,964 Stage-1 map = 32%,  reduce = 0%
2013-06-07 10:56:59,319 Stage-1 map = 32%,  reduce = 0%
2013-06-07 10:57:59,551 Stage-1 map = 32%,  reduce = 0%
2013-06-07 10:58:59,999 Stage-1 map = 32%,  reduce = 0%
2013-06-07 11:00:01,175 Stage-1 map = 32%,  reduce = 0%
2013-06-07 11:00:36,474 Stage-1 map = 33%,  reduce = 0%
2013-06-07 11:01:36,639 Stage-1 map = 33%,  reduce = 0%
2013-06-07 11:02:39,536 Stage-1 map = 33%,  reduce = 0%
2013-06-07 11:03:40,921 Stage-1 map = 33%,  reduce = 0%
2013-06-07 11:04:45,290 Stage-1 map = 33%,  reduce = 0%
2013-06-07 11:05:21,686 Stage-1 map = 34%,  reduce = 0%
2013-06-07 11:06:23,184 Stage-1 map = 34%,  reduce = 0%
2013-06-07 11:07:23,376 Stage-1 map = 34%,  reduce = 0%
2013-06-07 11:08:25,083 Stage-1 map = 34%,  reduce = 0%
2013-06-07 11:09:12,484 Stage-1 map = 35%,  reduce = 0%
2013-06-07 11:10:12,665 Stage-1 map = 35%,  reduce = 0%
2013-06-07 11:11:13,531 Stage-1 map = 35%,  reduce = 0%
2013-06-07 11:12:13,985 Stage-1 map = 35%,  reduce = 0%
2013-06-07 11:13:15,994 Stage-1 map = 35%,  reduce = 0%
2013-06-07 11:14:18,744 Stage-1 map = 35%,  reduce = 0%
2013-06-07 11:14:24,203 Stage-1 map = 36%,  reduce = 0%
2013-06-07 11:15:25,318 Stage-1 map = 36%,  reduce = 0%
2013-06-07 11:16:26,496 Stage-1 map = 36%,  reduce = 0%
2013-06-07 11:17:27,251 Stage-1 map = 36%,  reduce = 0%
2013-06-07 11:17:36,973 Stage-1 map = 37%,  reduce = 0%
2013-06-07 11:18:37,633 Stage-1 map = 37%,  reduce = 0%
2013-06-07 11:19:38,699 Stage-1 map = 37%,  reduce = 0%
2013-06-07 11:20:00,570 Stage-1 map = 38%,  reduce = 0%
2013-06-07 11:21:01,792 Stage-1 map = 38%,  reduce = 0%
2013-06-07 11:22:02,991 Stage-1 map = 38%,  reduce = 0%
2013-06-07 11:23:05,236 Stage-1 map = 38%,  reduce = 0%
2013-06-07 11:24:06,466 Stage-1 map = 38%,  reduce = 0%
2013-06-07 11:24:16,394 Stage-1 map = 39%,  reduce = 0%
2013-06-07 11:25:16,887 Stage-1 map = 39%,  reduce = 0%
2013-06-07 11:26:18,437 Stage-1 map = 39%,  reduce = 0%
2013-06-07 11:27:19,246 Stage-1 map = 39%,  reduce = 0%
2013-06-07 11:27:44,134 Stage-1 map = 40%,  reduce = 0%
2013-06-07 11:28:45,358 Stage-1 map = 40%,  reduce = 0%
2013-06-07 11:29:48,191 Stage-1 map = 40%,  reduce = 0%
2013-06-07 11:30:23,205 Stage-1 map = 41%,  reduce = 0%
2013-06-07 11:31:25,534 Stage-1 map = 41%,  reduce = 0%
2013-06-07 11:32:13,519 Stage-1 map = 42%,  reduce = 0%
2013-06-07 11:33:16,228 Stage-1 map = 42%,  reduce = 0%
2013-06-07 11:33:59,818 Stage-1 map = 43%,  reduce = 0%
2013-06-07 11:35:01,742 Stage-1 map = 43%,  reduce = 0%
2013-06-07 11:35:18,937 Stage-1 map = 44%,  reduce = 0%
2013-06-07 11:36:19,218 Stage-1 map = 44%,  reduce = 0%
2013-06-07 11:37:19,564 Stage-1 map = 44%,  reduce = 0%
2013-06-07 11:38:20,267 Stage-1 map = 44%,  reduce = 0%
2013-06-07 11:39:20,408 Stage-1 map = 44%,  reduce = 0%
2013-06-07 11:39:55,744 Stage-1 map = 45%,  reduce = 0%
2013-06-07 11:40:56,678 Stage-1 map = 45%,  reduce = 0%
2013-06-07 11:41:58,184 Stage-1 map = 45%,  reduce = 0%
2013-06-07 11:42:59,304 Stage-1 map = 45%,  reduce = 0%
2013-06-07 11:44:00,196 Stage-1 map = 45%,  reduce = 0%
2013-06-07 11:45:03,228 Stage-1 map = 45%,  reduce = 0%
2013-06-07 11:45:29,623 Stage-1 map = 46%,  reduce = 0%
2013-06-07 11:46:29,770 Stage-1 map = 46%,  reduce = 0%
2013-06-07 11:47:30,886 Stage-1 map = 46%,  reduce = 0%
2013-06-07 11:48:31,039 Stage-1 map = 46%,  reduce = 0%
2013-06-07 11:49:31,391 Stage-1 map = 46%,  reduce = 0%
2013-06-07 11:50:32,906 Stage-1 map = 46%,  reduce = 0%
2013-06-07 11:51:23,484 Stage-1 map = 47%,  reduce = 0%
2013-06-07 11:52:23,546 Stage-1 map = 47%,  reduce = 0%
2013-06-07 11:53:24,667 Stage-1 map = 47%,  reduce = 0%
2013-06-07 11:54:25,232 Stage-1 map = 47%,  reduce = 0%
2013-06-07 11:55:00,220 Stage-1 map = 48%,  reduce = 0%
2013-06-07 11:56:00,630 Stage-1 map = 48%,  reduce = 0%
2013-06-07 11:57:01,376 Stage-1 map = 48%,  reduce = 0%
2013-06-07 11:57:27,668 Stage-1 map = 49%,  reduce = 0%
2013-06-07 11:58:28,665 Stage-1 map = 49%,  reduce = 0%
2013-06-07 11:59:29,605 Stage-1 map = 49%,  reduce = 0%
2013-06-07 12:00:30,447 Stage-1 map = 49%,  reduce = 0%
2013-06-07 12:00:31,802 Stage-1 map = 50%,  reduce = 0%
2013-06-07 12:01:32,339 Stage-1 map = 50%,  reduce = 0%
2013-06-07 12:02:35,088 Stage-1 map = 50%,  reduce = 0%
2013-06-07 12:03:33,139 Stage-1 map = 51%,  reduce = 0%
2013-06-07 12:04:33,562 Stage-1 map = 51%,  reduce = 0%
2013-06-07 12:05:19,675 Stage-1 map = 52%,  reduce = 0%
2013-06-07 12:06:20,664 Stage-1 map = 52%,  reduce = 0%
2013-06-07 12:06:40,616 Stage-1 map = 53%,  reduce = 0%
2013-06-07 12:07:35,956 Stage-1 map = 54%,  reduce = 0%
2013-06-07 12:08:36,593 Stage-1 map = 54%,  reduce = 0%
2013-06-07 12:08:53,548 Stage-1 map = 55%,  reduce = 0%
2013-06-07 12:09:53,720 Stage-1 map = 55%,  reduce = 0%
2013-06-07 12:10:18,837 Stage-1 map = 56%,  reduce = 0%
2013-06-07 12:11:19,639 Stage-1 map = 56%,  reduce = 0%
2013-06-07 12:11:52,103 Stage-1 map = 57%,  reduce = 0%
2013-06-07 12:12:54,023 Stage-1 map = 57%,  reduce = 0%
2013-06-07 12:13:03,340 Stage-1 map = 58%,  reduce = 0%
2013-06-07 12:13:56,181 Stage-1 map = 59%,  reduce = 0%
2013-06-07 12:14:47,700 Stage-1 map = 60%,  reduce = 0%
2013-06-07 12:15:48,350 Stage-1 map = 60%,  reduce = 0%
2013-06-07 12:15:56,364 Stage-1 map = 61%,  reduce = 0%
2013-06-07 12:16:56,838 Stage-1 map = 61%,  reduce = 0%
2013-06-07 12:17:49,819 Stage-1 map = 62%,  reduce = 0%
2013-06-07 12:18:50,824 Stage-1 map = 63%,  reduce = 0%
2013-06-07 12:19:38,810 Stage-1 map = 64%,  reduce = 0%
2013-06-07 12:20:21,739 Stage-1 map = 65%,  reduce = 0%
2013-06-07 12:21:00,036 Stage-1 map = 66%,  reduce = 0%
2013-06-07 12:21:50,267 Stage-1 map = 67%,  reduce = 0%
2013-06-07 12:22:19,816 Stage-1 map = 68%,  reduce = 0%
2013-06-07 12:22:49,557 Stage-1 map = 69%,  reduce = 0%
2013-06-07 12:23:24,300 Stage-1 map = 70%,  reduce = 0%
2013-06-07 12:23:56,420 Stage-1 map = 71%,  reduce = 0%
2013-06-07 12:24:36,331 Stage-1 map = 72%,  reduce = 0%
2013-06-07 12:25:17,844 Stage-1 map = 73%,  reduce = 0%
2013-06-07 12:25:58,414 Stage-1 map = 74%,  reduce = 0%
2013-06-07 12:26:50,010 Stage-1 map = 75%,  reduce = 0%
2013-06-07 12:27:41,994 Stage-1 map = 76%,  reduce = 0%
2013-06-07 12:28:24,544 Stage-1 map = 77%,  reduce = 0%
2013-06-07 12:29:13,258 Stage-1 map = 78%,  reduce = 0%
2013-06-07 12:30:13,326 Stage-1 map = 78%,  reduce = 0%
2013-06-07 12:30:41,582 Stage-1 map = 79%,  reduce = 0%
2013-06-07 12:31:43,106 Stage-1 map = 79%,  reduce = 0%
2013-06-07 12:32:10,321 Stage-1 map = 80%,  reduce = 0%
2013-06-07 12:33:10,832 Stage-1 map = 80%,  reduce = 0%
2013-06-07 12:33:52,092 Stage-1 map = 81%,  reduce = 0%
2013-06-07 12:34:52,972 Stage-1 map = 81%,  reduce = 0%
2013-06-07 12:35:10,236 Stage-1 map = 82%,  reduce = 0%
2013-06-07 12:36:11,722 Stage-1 map = 82%,  reduce = 0%
2013-06-07 12:36:16,861 Stage-1 map = 83%,  reduce = 0%
2013-06-07 12:37:15,822 Stage-1 map = 84%,  reduce = 0%
2013-06-07 12:38:16,885 Stage-1 map = 84%,  reduce = 0%
2013-06-07 12:38:19,821 Stage-1 map = 85%,  reduce = 0%
2013-06-07 12:39:20,739 Stage-1 map = 85%,  reduce = 0%
2013-06-07 12:40:21,718 Stage-1 map = 85%,  reduce = 0%
2013-06-07 12:40:23,186 Stage-1 map = 86%,  reduce = 0%
2013-06-07 12:41:24,249 Stage-1 map = 86%,  reduce = 0%
2013-06-07 12:42:24,798 Stage-1 map = 86%,  reduce = 0%
2013-06-07 12:43:25,838 Stage-1 map = 86%,  reduce = 0%
2013-06-07 12:43:51,765 Stage-1 map = 87%,  reduce = 0%
2013-06-07 12:44:52,518 Stage-1 map = 87%,  reduce = 0%
2013-06-07 12:45:53,328 Stage-1 map = 87%,  reduce = 0%
2013-06-07 12:46:53,459 Stage-1 map = 87%,  reduce = 0%
2013-06-07 12:47:00,659 Stage-1 map = 88%,  reduce = 0%
2013-06-07 12:48:04,273 Stage-1 map = 88%,  reduce = 0%
2013-06-07 12:48:42,544 Stage-1 map = 89%,  reduce = 0%
2013-06-07 12:49:43,518 Stage-1 map = 89%,  reduce = 0%
2013-06-07 12:50:44,202 Stage-1 map = 89%,  reduce = 0%
2013-06-07 12:51:34,017 Stage-1 map = 90%,  reduce = 0%
2013-06-07 12:52:35,046 Stage-1 map = 90%,  reduce = 0%
2013-06-07 12:53:36,336 Stage-1 map = 90%,  reduce = 0%
2013-06-07 12:54:14,351 Stage-1 map = 91%,  reduce = 0%
2013-06-07 12:55:10,242 Stage-1 map = 92%,  reduce = 0%
2013-06-07 12:56:13,003 Stage-1 map = 93%,  reduce = 0%
2013-06-07 12:57:01,002 Stage-1 map = 94%,  reduce = 0%
2013-06-07 12:57:53,624 Stage-1 map = 95%,  reduce = 0%
2013-06-07 12:58:54,581 Stage-1 map = 95%,  reduce = 0%
2013-06-07 12:58:57,666 Stage-1 map = 96%,  reduce = 0%
2013-06-07 13:00:00,590 Stage-1 map = 96%,  reduce = 0%
2013-06-07 13:00:06,771 Stage-1 map = 97%,  reduce = 0%
2013-06-07 13:01:07,114 Stage-1 map = 97%,  reduce = 0%
2013-06-07 13:01:54,111 Stage-1 map = 98%,  reduce = 0%
2013-06-07 13:02:54,237 Stage-1 map = 98%,  reduce = 0%
2013-06-07 13:03:54,973 Stage-1 map = 98%,  reduce = 0%
2013-06-07 13:04:53,756 Stage-1 map = 99%,  reduce = 0%
2013-06-07 13:05:54,188 Stage-1 map = 99%,  reduce = 0%
2013-06-07 13:06:55,103 Stage-1 map = 100%,  reduce = 0%
2013-06-07 13:07:55,106 Stage-1 map = 100%,  reduce = 0%
Ended Job = job_201306060848_12727
OK
Time taken: 14389.122 seconds
