-- 
-- Query provided by Thomas Ganka
-- Adapted by Ed Soniat to do the previous two days
--
-- Set the number of days AGO here
-- 
SET DAYS_AGO=1;
--
--
SET SECONDS_OFFSET=(86000*${hiveconf:DAYS_AGO});
-- 
--
-- EXPLAIN 
SELECT session_id, 
       visitor_id,
       from_unixtime(round(time_stamp/1000)) ,
       GET_JSON_OBJECT(biz,'$.Eng.biz[*].ENG_INTERACTIVE_IND') 
FROM vs_hdfs_v1 
-- For sites not in other use site=<siteid>
-- For sites in other use site='other' AND site_id=<siteid>
WHERE site='76226072' 
    AND get_json_object(biz,'$.Eng.biz[*].ENG_INTERACTIVE_IND') != '0.0' 
    AND day > FROM_unixTime(unix_timestamp() - ${hiveconf:SECONDS_OFFSET},'yyyyMMdd')
;Hive history file=/tmp/esoniat/hive_job_log_esoniat_201306061505_1194810030.txt
Total MapReduce jobs = 1
Launching Job 1 out of 1
Number of reduce tasks is set to 0 since there's no reduce operator
Starting Job = job_201306060848_3536, Tracking URL = http://vvpr-mha01:50030/jobdetails.jsp?jobid=job_201306060848_3536
Kill Command = /usr/lib/hadoop/bin/hadoop job  -Dmapred.job.tracker=vvpr-mha01:54311 -kill job_201306060848_3536
2013-06-06 15:07:09,399 Stage-1 map = 0%,  reduce = 0%
2013-06-06 15:08:11,459 Stage-1 map = 0%,  reduce = 0%
2013-06-06 15:09:04,004 Stage-1 map = 1%,  reduce = 0%
2013-06-06 15:10:05,766 Stage-1 map = 1%,  reduce = 0%
2013-06-06 15:11:07,481 Stage-1 map = 1%,  reduce = 0%
2013-06-06 15:12:03,091 Stage-1 map = 2%,  reduce = 0%
2013-06-06 15:13:09,070 Stage-1 map = 2%,  reduce = 0%
2013-06-06 15:14:11,916 Stage-1 map = 2%,  reduce = 0%
2013-06-06 15:15:15,989 Stage-1 map = 2%,  reduce = 0%
2013-06-06 15:15:35,507 Stage-1 map = 3%,  reduce = 0%
2013-06-06 15:16:38,739 Stage-1 map = 3%,  reduce = 0%
2013-06-06 15:17:39,353 Stage-1 map = 3%,  reduce = 0%
2013-06-06 15:18:32,248 Stage-1 map = 4%,  reduce = 0%
2013-06-06 15:19:36,883 Stage-1 map = 4%,  reduce = 0%
2013-06-06 15:20:37,182 Stage-1 map = 4%,  reduce = 0%
2013-06-06 15:21:40,963 Stage-1 map = 4%,  reduce = 0%
2013-06-06 15:21:50,781 Stage-1 map = 5%,  reduce = 0%
2013-06-06 15:22:51,590 Stage-1 map = 5%,  reduce = 0%
2013-06-06 15:23:52,945 Stage-1 map = 5%,  reduce = 0%
2013-06-06 15:24:53,423 Stage-1 map = 5%,  reduce = 0%
2013-06-06 15:25:54,934 Stage-1 map = 5%,  reduce = 0%
2013-06-06 15:26:10,687 Stage-1 map = 6%,  reduce = 0%
2013-06-06 15:27:13,090 Stage-1 map = 6%,  reduce = 0%
2013-06-06 15:28:13,244 Stage-1 map = 6%,  reduce = 0%
2013-06-06 15:29:15,769 Stage-1 map = 6%,  reduce = 0%
2013-06-06 15:30:18,549 Stage-1 map = 6%,  reduce = 0%
2013-06-06 15:30:52,566 Stage-1 map = 7%,  reduce = 0%
2013-06-06 15:31:54,849 Stage-1 map = 7%,  reduce = 0%
2013-06-06 15:32:56,467 Stage-1 map = 7%,  reduce = 0%
2013-06-06 15:33:57,140 Stage-1 map = 7%,  reduce = 0%
2013-06-06 15:34:57,988 Stage-1 map = 7%,  reduce = 0%
2013-06-06 15:35:24,803 Stage-1 map = 8%,  reduce = 0%
2013-06-06 15:36:28,519 Stage-1 map = 8%,  reduce = 0%
2013-06-06 15:37:32,730 Stage-1 map = 8%,  reduce = 0%
2013-06-06 15:38:35,309 Stage-1 map = 8%,  reduce = 0%
2013-06-06 15:39:35,925 Stage-1 map = 8%,  reduce = 0%
2013-06-06 15:40:43,883 Stage-1 map = 9%,  reduce = 0%
2013-06-06 15:41:53,118 Stage-1 map = 9%,  reduce = 0%
2013-06-06 15:42:58,747 Stage-1 map = 9%,  reduce = 0%
2013-06-06 15:44:03,345 Stage-1 map = 9%,  reduce = 0%
2013-06-06 15:45:09,233 Stage-1 map = 9%,  reduce = 0%
2013-06-06 15:46:15,424 Stage-1 map = 9%,  reduce = 0%
2013-06-06 15:47:02,233 Stage-1 map = 10%,  reduce = 0%
2013-06-06 15:48:12,428 Stage-1 map = 10%,  reduce = 0%
2013-06-06 15:49:16,009 Stage-1 map = 10%,  reduce = 0%
2013-06-06 15:50:18,688 Stage-1 map = 10%,  reduce = 0%
2013-06-06 15:51:20,317 Stage-1 map = 10%,  reduce = 0%
2013-06-06 15:52:22,810 Stage-1 map = 10%,  reduce = 0%
2013-06-06 15:53:25,696 Stage-1 map = 10%,  reduce = 0%
2013-06-06 15:54:27,244 Stage-1 map = 10%,  reduce = 0%
2013-06-06 15:54:47,252 Stage-1 map = 11%,  reduce = 0%
2013-06-06 15:55:52,931 Stage-1 map = 11%,  reduce = 0%
2013-06-06 15:56:55,072 Stage-1 map = 11%,  reduce = 0%
2013-06-06 15:57:57,020 Stage-1 map = 11%,  reduce = 0%
2013-06-06 15:58:59,139 Stage-1 map = 11%,  reduce = 0%
2013-06-06 16:00:08,572 Stage-1 map = 11%,  reduce = 0%
2013-06-06 16:01:08,755 Stage-1 map = 11%,  reduce = 0%
2013-06-06 16:01:28,360 Stage-1 map = 12%,  reduce = 0%
2013-06-06 16:02:30,784 Stage-1 map = 12%,  reduce = 0%
2013-06-06 16:03:31,958 Stage-1 map = 12%,  reduce = 0%
2013-06-06 16:04:35,512 Stage-1 map = 12%,  reduce = 0%
2013-06-06 16:05:36,816 Stage-1 map = 12%,  reduce = 0%
2013-06-06 16:06:44,052 Stage-1 map = 12%,  reduce = 0%
2013-06-06 16:07:47,711 Stage-1 map = 12%,  reduce = 0%
2013-06-06 16:08:07,924 Stage-1 map = 13%,  reduce = 0%
2013-06-06 16:09:11,376 Stage-1 map = 13%,  reduce = 0%
2013-06-06 16:10:12,235 Stage-1 map = 13%,  reduce = 0%
2013-06-06 16:11:14,316 Stage-1 map = 13%,  reduce = 0%
2013-06-06 16:12:16,133 Stage-1 map = 13%,  reduce = 0%
2013-06-06 16:13:24,649 Stage-1 map = 13%,  reduce = 0%
2013-06-06 16:14:27,499 Stage-1 map = 13%,  reduce = 0%
2013-06-06 16:14:41,762 Stage-1 map = 14%,  reduce = 0%
2013-06-06 16:15:43,849 Stage-1 map = 14%,  reduce = 0%
2013-06-06 16:16:46,217 Stage-1 map = 14%,  reduce = 0%
2013-06-06 16:17:49,102 Stage-1 map = 14%,  reduce = 0%
2013-06-06 16:18:49,753 Stage-1 map = 14%,  reduce = 0%
2013-06-06 16:19:52,804 Stage-1 map = 14%,  reduce = 0%
2013-06-06 16:20:16,676 Stage-1 map = 15%,  reduce = 0%
2013-06-06 16:21:17,067 Stage-1 map = 15%,  reduce = 0%
2013-06-06 16:22:19,418 Stage-1 map = 15%,  reduce = 0%
2013-06-06 16:23:23,377 Stage-1 map = 15%,  reduce = 0%
2013-06-06 16:24:24,509 Stage-1 map = 15%,  reduce = 0%
2013-06-06 16:25:26,116 Stage-1 map = 15%,  reduce = 0%
2013-06-06 16:25:54,991 Stage-1 map = 16%,  reduce = 0%
2013-06-06 16:26:57,314 Stage-1 map = 16%,  reduce = 0%
2013-06-06 16:28:02,018 Stage-1 map = 16%,  reduce = 0%
2013-06-06 16:29:09,283 Stage-1 map = 16%,  reduce = 0%
2013-06-06 16:30:12,679 Stage-1 map = 16%,  reduce = 0%
2013-06-06 16:31:15,941 Stage-1 map = 16%,  reduce = 0%
2013-06-06 16:31:23,472 Stage-1 map = 17%,  reduce = 0%
2013-06-06 16:32:25,219 Stage-1 map = 17%,  reduce = 0%
2013-06-06 16:33:25,679 Stage-1 map = 17%,  reduce = 0%
2013-06-06 16:34:29,768 Stage-1 map = 17%,  reduce = 0%
2013-06-06 16:35:33,250 Stage-1 map = 17%,  reduce = 0%
2013-06-06 16:36:34,191 Stage-1 map = 17%,  reduce = 0%
2013-06-06 16:36:44,595 Stage-1 map = 18%,  reduce = 0%
2013-06-06 16:37:49,164 Stage-1 map = 18%,  reduce = 0%
2013-06-06 16:38:50,519 Stage-1 map = 18%,  reduce = 0%
2013-06-06 16:39:51,360 Stage-1 map = 18%,  reduce = 0%
2013-06-06 16:40:52,741 Stage-1 map = 18%,  reduce = 0%
2013-06-06 16:41:02,944 Stage-1 map = 19%,  reduce = 0%
2013-06-06 16:42:05,058 Stage-1 map = 19%,  reduce = 0%
2013-06-06 16:43:06,351 Stage-1 map = 19%,  reduce = 0%
2013-06-06 16:44:08,164 Stage-1 map = 19%,  reduce = 0%
2013-06-06 16:45:08,598 Stage-1 map = 19%,  reduce = 0%
2013-06-06 16:45:55,534 Stage-1 map = 20%,  reduce = 0%
2013-06-06 16:46:58,373 Stage-1 map = 20%,  reduce = 0%
2013-06-06 16:47:58,809 Stage-1 map = 20%,  reduce = 0%
2013-06-06 16:49:02,290 Stage-1 map = 20%,  reduce = 0%
2013-06-06 16:50:03,925 Stage-1 map = 20%,  reduce = 0%
2013-06-06 16:50:12,593 Stage-1 map = 21%,  reduce = 0%
2013-06-06 16:51:12,826 Stage-1 map = 21%,  reduce = 0%
2013-06-06 16:52:14,482 Stage-1 map = 21%,  reduce = 0%
2013-06-06 16:53:17,708 Stage-1 map = 21%,  reduce = 0%
2013-06-06 16:54:18,479 Stage-1 map = 21%,  reduce = 0%
2013-06-06 16:54:57,589 Stage-1 map = 22%,  reduce = 0%
2013-06-06 16:55:57,808 Stage-1 map = 22%,  reduce = 0%
2013-06-06 16:56:59,206 Stage-1 map = 22%,  reduce = 0%
2013-06-06 16:58:01,737 Stage-1 map = 22%,  reduce = 0%
2013-06-06 16:59:02,181 Stage-1 map = 22%,  reduce = 0%
2013-06-06 16:59:37,679 Stage-1 map = 23%,  reduce = 0%
2013-06-06 17:00:40,334 Stage-1 map = 23%,  reduce = 0%
2013-06-06 17:01:42,528 Stage-1 map = 23%,  reduce = 0%
2013-06-06 17:02:44,878 Stage-1 map = 23%,  reduce = 0%
2013-06-06 17:03:49,237 Stage-1 map = 23%,  reduce = 0%
2013-06-06 17:04:17,382 Stage-1 map = 24%,  reduce = 0%
2013-06-06 17:05:17,487 Stage-1 map = 24%,  reduce = 0%
2013-06-06 17:06:18,863 Stage-1 map = 24%,  reduce = 0%
2013-06-06 17:07:23,858 Stage-1 map = 24%,  reduce = 0%
2013-06-06 17:08:29,816 Stage-1 map = 25%,  reduce = 0%
2013-06-06 17:09:34,721 Stage-1 map = 25%,  reduce = 0%
2013-06-06 17:10:39,739 Stage-1 map = 25%,  reduce = 0%
2013-06-06 17:11:41,022 Stage-1 map = 25%,  reduce = 0%
2013-06-06 17:12:46,415 Stage-1 map = 25%,  reduce = 0%
2013-06-06 17:12:55,115 Stage-1 map = 26%,  reduce = 0%
2013-06-06 17:13:57,680 Stage-1 map = 26%,  reduce = 0%
2013-06-06 17:14:58,124 Stage-1 map = 26%,  reduce = 0%
2013-06-06 17:16:03,262 Stage-1 map = 26%,  reduce = 0%
2013-06-06 17:16:42,877 Stage-1 map = 27%,  reduce = 0%
2013-06-06 17:17:43,995 Stage-1 map = 27%,  reduce = 0%
2013-06-06 17:18:45,519 Stage-1 map = 27%,  reduce = 0%
2013-06-06 17:19:49,561 Stage-1 map = 27%,  reduce = 0%
2013-06-06 17:20:44,665 Stage-1 map = 28%,  reduce = 0%
2013-06-06 17:21:46,675 Stage-1 map = 28%,  reduce = 0%
2013-06-06 17:22:49,783 Stage-1 map = 28%,  reduce = 0%
2013-06-06 17:23:54,583 Stage-1 map = 28%,  reduce = 0%
2013-06-06 17:25:01,330 Stage-1 map = 28%,  reduce = 0%
2013-06-06 17:25:21,798 Stage-1 map = 29%,  reduce = 0%
2013-06-06 17:26:23,298 Stage-1 map = 29%,  reduce = 0%
2013-06-06 17:27:25,441 Stage-1 map = 29%,  reduce = 0%
2013-06-06 17:28:27,019 Stage-1 map = 29%,  reduce = 0%
2013-06-06 17:29:28,120 Stage-1 map = 29%,  reduce = 0%
2013-06-06 17:29:34,376 Stage-1 map = 30%,  reduce = 0%
2013-06-06 17:30:38,708 Stage-1 map = 30%,  reduce = 0%
2013-06-06 17:31:40,358 Stage-1 map = 30%,  reduce = 0%
2013-06-06 17:32:49,884 Stage-1 map = 30%,  reduce = 0%
2013-06-06 17:33:21,086 Stage-1 map = 31%,  reduce = 0%
2013-06-06 17:34:24,860 Stage-1 map = 31%,  reduce = 0%
2013-06-06 17:35:29,028 Stage-1 map = 31%,  reduce = 0%
2013-06-06 17:36:34,009 Stage-1 map = 31%,  reduce = 0%
2013-06-06 17:37:11,935 Stage-1 map = 32%,  reduce = 0%
2013-06-06 17:38:14,401 Stage-1 map = 32%,  reduce = 0%
2013-06-06 17:39:16,550 Stage-1 map = 32%,  reduce = 0%
2013-06-06 17:40:21,453 Stage-1 map = 32%,  reduce = 0%
2013-06-06 17:41:02,913 Stage-1 map = 33%,  reduce = 0%
2013-06-06 17:42:52,070 Stage-1 map = 33%,  reduce = 0%
2013-06-06 17:43:57,895 Stage-1 map = 33%,  reduce = 0%
2013-06-06 17:45:04,484 Stage-1 map = 33%,  reduce = 0%
2013-06-06 17:46:05,242 Stage-1 map = 33%,  reduce = 0%
2013-06-06 17:47:10,200 Stage-1 map = 34%,  reduce = 0%
2013-06-06 17:48:14,367 Stage-1 map = 34%,  reduce = 0%
2013-06-06 17:49:16,157 Stage-1 map = 34%,  reduce = 0%
2013-06-06 17:50:18,267 Stage-1 map = 34%,  reduce = 0%
2013-06-06 17:51:00,129 Stage-1 map = 35%,  reduce = 0%
2013-06-06 17:52:01,826 Stage-1 map = 35%,  reduce = 0%
2013-06-06 17:53:02,963 Stage-1 map = 35%,  reduce = 0%
2013-06-06 17:54:04,001 Stage-1 map = 35%,  reduce = 0%
2013-06-06 17:55:08,333 Stage-1 map = 35%,  reduce = 0%
2013-06-06 17:55:56,552 Stage-1 map = 36%,  reduce = 0%
2013-06-06 17:56:57,643 Stage-1 map = 36%,  reduce = 0%
2013-06-06 17:57:58,209 Stage-1 map = 36%,  reduce = 0%
2013-06-06 17:58:59,259 Stage-1 map = 36%,  reduce = 0%
2013-06-06 17:59:59,561 Stage-1 map = 36%,  reduce = 0%
2013-06-06 18:00:59,514 Stage-1 map = 37%,  reduce = 0%
2013-06-06 18:02:02,994 Stage-1 map = 37%,  reduce = 0%
2013-06-06 18:03:05,765 Stage-1 map = 37%,  reduce = 0%
2013-06-06 18:04:06,669 Stage-1 map = 37%,  reduce = 0%
2013-06-06 18:05:08,702 Stage-1 map = 37%,  reduce = 0%
2013-06-06 18:05:46,992 Stage-1 map = 38%,  reduce = 0%
2013-06-06 18:06:50,259 Stage-1 map = 38%,  reduce = 0%
2013-06-06 18:07:51,564 Stage-1 map = 38%,  reduce = 0%
2013-06-06 18:08:52,524 Stage-1 map = 38%,  reduce = 0%
2013-06-06 18:09:37,472 Stage-1 map = 39%,  reduce = 0%
2013-06-06 18:10:38,711 Stage-1 map = 39%,  reduce = 0%
2013-06-06 18:11:41,766 Stage-1 map = 39%,  reduce = 0%
2013-06-06 18:12:42,400 Stage-1 map = 39%,  reduce = 0%
2013-06-06 18:13:14,251 Stage-1 map = 40%,  reduce = 0%
2013-06-06 18:14:14,384 Stage-1 map = 40%,  reduce = 0%
2013-06-06 18:15:15,122 Stage-1 map = 40%,  reduce = 0%
2013-06-06 18:16:22,743 Stage-1 map = 40%,  reduce = 0%
2013-06-06 18:16:58,278 Stage-1 map = 41%,  reduce = 0%
2013-06-06 18:17:58,311 Stage-1 map = 41%,  reduce = 0%
2013-06-06 18:19:02,232 Stage-1 map = 41%,  reduce = 0%
2013-06-06 18:20:05,573 Stage-1 map = 41%,  reduce = 0%
2013-06-06 18:20:53,650 Stage-1 map = 42%,  reduce = 0%
2013-06-06 18:21:55,205 Stage-1 map = 42%,  reduce = 0%
2013-06-06 18:22:57,538 Stage-1 map = 42%,  reduce = 0%
2013-06-06 18:23:58,337 Stage-1 map = 42%,  reduce = 0%
2013-06-06 18:25:00,958 Stage-1 map = 42%,  reduce = 0%
2013-06-06 18:25:13,001 Stage-1 map = 43%,  reduce = 0%
2013-06-06 18:26:15,186 Stage-1 map = 43%,  reduce = 0%
2013-06-06 18:27:16,334 Stage-1 map = 43%,  reduce = 0%
2013-06-06 18:28:20,861 Stage-1 map = 43%,  reduce = 0%
2013-06-06 18:29:15,111 Stage-1 map = 44%,  reduce = 0%
2013-06-06 18:30:16,210 Stage-1 map = 44%,  reduce = 0%
2013-06-06 18:31:17,864 Stage-1 map = 44%,  reduce = 0%
2013-06-06 18:32:18,489 Stage-1 map = 44%,  reduce = 0%
2013-06-06 18:33:07,952 Stage-1 map = 45%,  reduce = 0%
2013-06-06 18:34:08,066 Stage-1 map = 45%,  reduce = 0%
2013-06-06 18:35:10,200 Stage-1 map = 45%,  reduce = 0%
2013-06-06 18:36:10,553 Stage-1 map = 45%,  reduce = 0%
2013-06-06 18:36:54,243 Stage-1 map = 46%,  reduce = 0%
2013-06-06 18:37:55,238 Stage-1 map = 46%,  reduce = 0%
2013-06-06 18:38:55,778 Stage-1 map = 46%,  reduce = 0%
2013-06-06 18:39:57,600 Stage-1 map = 46%,  reduce = 0%
2013-06-06 18:40:22,433 Stage-1 map = 47%,  reduce = 0%
2013-06-06 18:41:24,998 Stage-1 map = 47%,  reduce = 0%
2013-06-06 18:42:26,136 Stage-1 map = 47%,  reduce = 0%
2013-06-06 18:43:30,277 Stage-1 map = 47%,  reduce = 0%
2013-06-06 18:44:26,284 Stage-1 map = 48%,  reduce = 0%
2013-06-06 18:45:28,017 Stage-1 map = 48%,  reduce = 0%
2013-06-06 18:46:32,164 Stage-1 map = 48%,  reduce = 0%
2013-06-06 18:47:35,530 Stage-1 map = 48%,  reduce = 0%
2013-06-06 18:48:40,274 Stage-1 map = 49%,  reduce = 0%
2013-06-06 18:49:45,237 Stage-1 map = 49%,  reduce = 0%
2013-06-06 18:50:51,049 Stage-1 map = 49%,  reduce = 0%
2013-06-06 18:51:57,244 Stage-1 map = 49%,  reduce = 0%
2013-06-06 18:53:02,784 Stage-1 map = 49%,  reduce = 0%
2013-06-06 18:53:38,389 Stage-1 map = 50%,  reduce = 0%
2013-06-06 18:54:43,474 Stage-1 map = 50%,  reduce = 0%
2013-06-06 18:55:48,501 Stage-1 map = 50%,  reduce = 0%
2013-06-06 18:56:53,966 Stage-1 map = 50%,  reduce = 0%
2013-06-06 18:58:01,942 Stage-1 map = 51%,  reduce = 0%
2013-06-06 18:59:04,579 Stage-1 map = 51%,  reduce = 0%
2013-06-06 19:00:09,761 Stage-1 map = 51%,  reduce = 0%
2013-06-06 19:01:10,195 Stage-1 map = 51%,  reduce = 0%
2013-06-06 19:02:15,195 Stage-1 map = 51%,  reduce = 0%
2013-06-06 19:02:55,788 Stage-1 map = 52%,  reduce = 0%
2013-06-06 19:03:58,935 Stage-1 map = 52%,  reduce = 0%
2013-06-06 19:05:09,460 Stage-1 map = 52%,  reduce = 0%
2013-06-06 19:06:11,782 Stage-1 map = 52%,  reduce = 0%
2013-06-06 19:06:49,902 Stage-1 map = 53%,  reduce = 0%
2013-06-06 19:07:53,663 Stage-1 map = 53%,  reduce = 0%
2013-06-06 19:08:57,031 Stage-1 map = 53%,  reduce = 0%
2013-06-06 19:09:57,102 Stage-1 map = 53%,  reduce = 0%
2013-06-06 19:11:03,896 Stage-1 map = 53%,  reduce = 0%
2013-06-06 19:11:17,236 Stage-1 map = 54%,  reduce = 0%
2013-06-06 19:12:23,107 Stage-1 map = 54%,  reduce = 0%
2013-06-06 19:13:30,249 Stage-1 map = 54%,  reduce = 0%
2013-06-06 19:14:31,201 Stage-1 map = 54%,  reduce = 0%
2013-06-06 19:15:33,416 Stage-1 map = 54%,  reduce = 0%
2013-06-06 19:16:16,579 Stage-1 map = 55%,  reduce = 0%
2013-06-06 19:17:18,833 Stage-1 map = 55%,  reduce = 0%
2013-06-06 19:18:20,288 Stage-1 map = 55%,  reduce = 0%
2013-06-06 19:19:20,527 Stage-1 map = 55%,  reduce = 0%
2013-06-06 19:20:23,615 Stage-1 map = 55%,  reduce = 0%
2013-06-06 19:21:26,575 Stage-1 map = 56%,  reduce = 0%
2013-06-06 19:22:27,880 Stage-1 map = 56%,  reduce = 0%
2013-06-06 19:23:35,395 Stage-1 map = 56%,  reduce = 0%
2013-06-06 19:24:38,180 Stage-1 map = 56%,  reduce = 0%
2013-06-06 19:25:43,376 Stage-1 map = 56%,  reduce = 0%
2013-06-06 19:26:44,892 Stage-1 map = 56%,  reduce = 0%
2013-06-06 19:27:30,725 Stage-1 map = 57%,  reduce = 0%
2013-06-06 19:28:34,536 Stage-1 map = 57%,  reduce = 0%
2013-06-06 19:29:39,531 Stage-1 map = 57%,  reduce = 0%
2013-06-06 19:30:43,483 Stage-1 map = 57%,  reduce = 0%
2013-06-06 19:31:48,729 Stage-1 map = 57%,  reduce = 0%
2013-06-06 19:32:45,944 Stage-1 map = 58%,  reduce = 0%
2013-06-06 19:33:48,843 Stage-1 map = 58%,  reduce = 0%
2013-06-06 19:34:52,834 Stage-1 map = 58%,  reduce = 0%
2013-06-06 19:35:55,669 Stage-1 map = 58%,  reduce = 0%
2013-06-06 19:36:55,941 Stage-1 map = 58%,  reduce = 0%
2013-06-06 19:37:34,958 Stage-1 map = 59%,  reduce = 0%
2013-06-06 19:38:36,249 Stage-1 map = 59%,  reduce = 0%
2013-06-06 19:39:38,110 Stage-1 map = 59%,  reduce = 0%
2013-06-06 19:40:41,132 Stage-1 map = 59%,  reduce = 0%
2013-06-06 19:41:28,523 Stage-1 map = 60%,  reduce = 0%
2013-06-06 19:42:30,239 Stage-1 map = 60%,  reduce = 0%
2013-06-06 19:43:30,486 Stage-1 map = 60%,  reduce = 0%
2013-06-06 19:44:32,851 Stage-1 map = 60%,  reduce = 0%
2013-06-06 19:45:36,151 Stage-1 map = 61%,  reduce = 0%
2013-06-06 19:46:37,398 Stage-1 map = 61%,  reduce = 0%
2013-06-06 19:47:37,488 Stage-1 map = 61%,  reduce = 0%
2013-06-06 19:48:38,575 Stage-1 map = 61%,  reduce = 0%
2013-06-06 19:49:39,944 Stage-1 map = 61%,  reduce = 0%
2013-06-06 19:49:43,621 Stage-1 map = 62%,  reduce = 0%
2013-06-06 19:50:45,520 Stage-1 map = 62%,  reduce = 0%
2013-06-06 19:51:46,694 Stage-1 map = 62%,  reduce = 0%
2013-06-06 19:52:48,737 Stage-1 map = 62%,  reduce = 0%
2013-06-06 19:53:53,828 Stage-1 map = 62%,  reduce = 0%
2013-06-06 19:54:27,002 Stage-1 map = 63%,  reduce = 0%
2013-06-06 19:55:31,344 Stage-1 map = 63%,  reduce = 0%
2013-06-06 19:56:37,503 Stage-1 map = 63%,  reduce = 0%
2013-06-06 19:57:43,049 Stage-1 map = 63%,  reduce = 0%
2013-06-06 19:58:43,980 Stage-1 map = 63%,  reduce = 0%
2013-06-06 19:58:51,232 Stage-1 map = 64%,  reduce = 0%
2013-06-06 19:59:55,405 Stage-1 map = 64%,  reduce = 0%
2013-06-06 20:00:57,890 Stage-1 map = 64%,  reduce = 0%
2013-06-06 20:01:59,415 Stage-1 map = 64%,  reduce = 0%
2013-06-06 20:02:59,992 Stage-1 map = 64%,  reduce = 0%
2013-06-06 20:03:39,445 Stage-1 map = 65%,  reduce = 0%
2013-06-06 20:04:40,302 Stage-1 map = 65%,  reduce = 0%
2013-06-06 20:05:40,604 Stage-1 map = 65%,  reduce = 0%
2013-06-06 20:06:41,925 Stage-1 map = 65%,  reduce = 0%
2013-06-06 20:07:27,318 Stage-1 map = 66%,  reduce = 0%
2013-06-06 20:08:28,578 Stage-1 map = 66%,  reduce = 0%
2013-06-06 20:09:31,562 Stage-1 map = 66%,  reduce = 0%
2013-06-06 20:10:33,191 Stage-1 map = 66%,  reduce = 0%
2013-06-06 20:11:34,519 Stage-1 map = 66%,  reduce = 0%
2013-06-06 20:12:07,704 Stage-1 map = 67%,  reduce = 0%
2013-06-06 20:13:09,737 Stage-1 map = 67%,  reduce = 0%
2013-06-06 20:14:10,545 Stage-1 map = 67%,  reduce = 0%
2013-06-06 20:15:12,635 Stage-1 map = 67%,  reduce = 0%
2013-06-06 20:16:02,602 Stage-1 map = 68%,  reduce = 0%
2013-06-06 20:17:04,985 Stage-1 map = 68%,  reduce = 0%
2013-06-06 20:18:09,635 Stage-1 map = 68%,  reduce = 0%
2013-06-06 20:19:10,085 Stage-1 map = 68%,  reduce = 0%
2013-06-06 20:19:54,085 Stage-1 map = 69%,  reduce = 0%
2013-06-06 20:20:54,549 Stage-1 map = 69%,  reduce = 0%
2013-06-06 20:21:59,572 Stage-1 map = 69%,  reduce = 0%
2013-06-06 20:23:05,885 Stage-1 map = 69%,  reduce = 0%
2013-06-06 20:24:06,471 Stage-1 map = 69%,  reduce = 0%
2013-06-06 20:24:15,861 Stage-1 map = 70%,  reduce = 0%
2013-06-06 20:25:18,794 Stage-1 map = 70%,  reduce = 0%
2013-06-06 20:26:21,311 Stage-1 map = 70%,  reduce = 0%
2013-06-06 20:27:23,428 Stage-1 map = 70%,  reduce = 0%
2013-06-06 20:27:34,800 Stage-1 map = 71%,  reduce = 0%
2013-06-06 20:28:37,364 Stage-1 map = 71%,  reduce = 0%
2013-06-06 20:29:37,821 Stage-1 map = 71%,  reduce = 0%
2013-06-06 20:30:08,182 Stage-1 map = 72%,  reduce = 0%
2013-06-06 20:31:08,895 Stage-1 map = 72%,  reduce = 0%
2013-06-06 20:32:08,927 Stage-1 map = 72%,  reduce = 0%
2013-06-06 20:32:39,594 Stage-1 map = 73%,  reduce = 0%
2013-06-06 20:33:41,452 Stage-1 map = 73%,  reduce = 0%
2013-06-06 20:34:42,236 Stage-1 map = 73%,  reduce = 0%
2013-06-06 20:35:17,750 Stage-1 map = 74%,  reduce = 0%
2013-06-06 20:36:19,458 Stage-1 map = 74%,  reduce = 0%
2013-06-06 20:37:22,830 Stage-1 map = 74%,  reduce = 0%
2013-06-06 20:38:28,315 Stage-1 map = 75%,  reduce = 0%
2013-06-06 20:39:30,934 Stage-1 map = 75%,  reduce = 0%
2013-06-06 20:40:35,658 Stage-1 map = 75%,  reduce = 0%
2013-06-06 20:41:35,876 Stage-1 map = 75%,  reduce = 0%
2013-06-06 20:42:36,188 Stage-1 map = 75%,  reduce = 0%
2013-06-06 20:43:15,226 Stage-1 map = 76%,  reduce = 0%
2013-06-06 20:44:17,612 Stage-1 map = 76%,  reduce = 0%
2013-06-06 20:45:20,347 Stage-1 map = 76%,  reduce = 0%
2013-06-06 20:46:23,317 Stage-1 map = 76%,  reduce = 0%
2013-06-06 20:47:19,649 Stage-1 map = 77%,  reduce = 0%
2013-06-06 20:48:20,846 Stage-1 map = 77%,  reduce = 0%
2013-06-06 20:49:25,206 Stage-1 map = 77%,  reduce = 0%
2013-06-06 20:50:28,088 Stage-1 map = 77%,  reduce = 0%
2013-06-06 20:51:29,849 Stage-1 map = 77%,  reduce = 0%
2013-06-06 20:51:55,224 Stage-1 map = 78%,  reduce = 0%
2013-06-06 20:52:55,759 Stage-1 map = 78%,  reduce = 0%
2013-06-06 20:53:58,481 Stage-1 map = 78%,  reduce = 0%
2013-06-06 20:55:02,113 Stage-1 map = 78%,  reduce = 0%
2013-06-06 20:56:02,758 Stage-1 map = 78%,  reduce = 0%
2013-06-06 20:56:30,781 Stage-1 map = 79%,  reduce = 0%
2013-06-06 20:57:35,847 Stage-1 map = 79%,  reduce = 0%
2013-06-06 20:58:41,123 Stage-1 map = 79%,  reduce = 0%
2013-06-06 20:59:46,815 Stage-1 map = 79%,  reduce = 0%
2013-06-06 21:00:51,216 Stage-1 map = 79%,  reduce = 0%
2013-06-06 21:01:30,910 Stage-1 map = 80%,  reduce = 0%
2013-06-06 21:02:33,565 Stage-1 map = 80%,  reduce = 0%
2013-06-06 21:03:36,288 Stage-1 map = 80%,  reduce = 0%
2013-06-06 21:04:32,652 Stage-1 map = 81%,  reduce = 0%
2013-06-06 21:05:34,573 Stage-1 map = 81%,  reduce = 0%
2013-06-06 21:06:36,534 Stage-1 map = 81%,  reduce = 0%
2013-06-06 21:07:36,616 Stage-1 map = 81%,  reduce = 0%
2013-06-06 21:08:12,104 Stage-1 map = 82%,  reduce = 0%
2013-06-06 21:09:12,168 Stage-1 map = 82%,  reduce = 0%
2013-06-06 21:10:12,261 Stage-1 map = 82%,  reduce = 0%
2013-06-06 21:10:49,466 Stage-1 map = 83%,  reduce = 0%
2013-06-06 21:11:50,162 Stage-1 map = 83%,  reduce = 0%
2013-06-06 21:12:52,428 Stage-1 map = 83%,  reduce = 0%
2013-06-06 21:13:28,811 Stage-1 map = 84%,  reduce = 0%
2013-06-06 21:14:29,355 Stage-1 map = 84%,  reduce = 0%
2013-06-06 21:15:31,567 Stage-1 map = 84%,  reduce = 0%
2013-06-06 21:16:32,958 Stage-1 map = 84%,  reduce = 0%
2013-06-06 21:17:36,433 Stage-1 map = 84%,  reduce = 0%
2013-06-06 21:17:37,961 Stage-1 map = 85%,  reduce = 0%
2013-06-06 21:18:37,992 Stage-1 map = 85%,  reduce = 0%
2013-06-06 21:19:40,311 Stage-1 map = 85%,  reduce = 0%
2013-06-06 21:20:21,288 Stage-1 map = 86%,  reduce = 0%
2013-06-06 21:21:22,441 Stage-1 map = 86%,  reduce = 0%
2013-06-06 21:22:23,579 Stage-1 map = 86%,  reduce = 0%
2013-06-06 21:23:25,177 Stage-1 map = 87%,  reduce = 0%
2013-06-06 21:24:25,626 Stage-1 map = 87%,  reduce = 0%
2013-06-06 21:25:27,805 Stage-1 map = 87%,  reduce = 0%
2013-06-06 21:25:55,434 Stage-1 map = 88%,  reduce = 0%
2013-06-06 21:26:55,439 Stage-1 map = 88%,  reduce = 0%
2013-06-06 21:27:57,247 Stage-1 map = 88%,  reduce = 0%
2013-06-06 21:28:24,473 Stage-1 map = 89%,  reduce = 0%
2013-06-06 21:29:26,027 Stage-1 map = 89%,  reduce = 0%
2013-06-06 21:30:26,989 Stage-1 map = 89%,  reduce = 0%
2013-06-06 21:31:20,915 Stage-1 map = 90%,  reduce = 0%
2013-06-06 21:32:23,156 Stage-1 map = 90%,  reduce = 0%
2013-06-06 21:33:23,245 Stage-1 map = 90%,  reduce = 0%
2013-06-06 21:34:23,446 Stage-1 map = 90%,  reduce = 0%
2013-06-06 21:34:27,497 Stage-1 map = 91%,  reduce = 0%
2013-06-06 21:35:28,907 Stage-1 map = 91%,  reduce = 0%
2013-06-06 21:36:30,107 Stage-1 map = 91%,  reduce = 0%
2013-06-06 21:37:30,520 Stage-1 map = 91%,  reduce = 0%
2013-06-06 21:38:33,259 Stage-1 map = 91%,  reduce = 0%
2013-06-06 21:39:07,335 Stage-1 map = 92%,  reduce = 0%
2013-06-06 21:40:09,112 Stage-1 map = 92%,  reduce = 0%
2013-06-06 21:41:09,339 Stage-1 map = 92%,  reduce = 0%
2013-06-06 21:42:09,733 Stage-1 map = 92%,  reduce = 0%
2013-06-06 21:43:10,792 Stage-1 map = 92%,  reduce = 0%
2013-06-06 21:43:56,753 Stage-1 map = 93%,  reduce = 0%
2013-06-06 21:44:56,999 Stage-1 map = 93%,  reduce = 0%
2013-06-06 21:46:00,555 Stage-1 map = 93%,  reduce = 0%
2013-06-06 21:46:42,822 Stage-1 map = 94%,  reduce = 0%
2013-06-06 21:47:43,200 Stage-1 map = 94%,  reduce = 0%
2013-06-06 21:48:44,160 Stage-1 map = 94%,  reduce = 0%
2013-06-06 21:49:47,682 Stage-1 map = 94%,  reduce = 0%
2013-06-06 21:50:10,928 Stage-1 map = 95%,  reduce = 0%
2013-06-06 21:51:12,673 Stage-1 map = 95%,  reduce = 0%
2013-06-06 21:52:15,276 Stage-1 map = 95%,  reduce = 0%
2013-06-06 21:53:15,609 Stage-1 map = 95%,  reduce = 0%
2013-06-06 21:53:52,169 Stage-1 map = 96%,  reduce = 0%
2013-06-06 21:54:52,385 Stage-1 map = 96%,  reduce = 0%
2013-06-06 21:55:52,432 Stage-1 map = 96%,  reduce = 0%
2013-06-06 21:56:53,785 Stage-1 map = 96%,  reduce = 0%
2013-06-06 21:57:54,317 Stage-1 map = 96%,  reduce = 0%
2013-06-06 21:58:55,976 Stage-1 map = 96%,  reduce = 0%
2013-06-06 21:58:59,026 Stage-1 map = 97%,  reduce = 0%
2013-06-06 22:00:00,455 Stage-1 map = 97%,  reduce = 0%
2013-06-06 22:01:02,947 Stage-1 map = 97%,  reduce = 0%
2013-06-06 22:02:03,819 Stage-1 map = 97%,  reduce = 0%
2013-06-06 22:03:07,567 Stage-1 map = 97%,  reduce = 0%
2013-06-06 22:04:11,147 Stage-1 map = 97%,  reduce = 0%
2013-06-06 22:04:50,369 Stage-1 map = 98%,  reduce = 0%
2013-06-06 22:05:54,141 Stage-1 map = 98%,  reduce = 0%
2013-06-06 22:06:54,207 Stage-1 map = 98%,  reduce = 0%
2013-06-06 22:07:54,932 Stage-1 map = 98%,  reduce = 0%
2013-06-06 22:08:55,081 Stage-1 map = 98%,  reduce = 0%
2013-06-06 22:09:55,299 Stage-1 map = 98%,  reduce = 0%
2013-06-06 22:10:02,009 Stage-1 map = 99%,  reduce = 0%
2013-06-06 22:11:03,851 Stage-1 map = 99%,  reduce = 0%
2013-06-06 22:12:05,139 Stage-1 map = 99%,  reduce = 0%
2013-06-06 22:13:09,536 Stage-1 map = 99%,  reduce = 0%
2013-06-06 22:14:11,353 Stage-1 map = 99%,  reduce = 0%
2013-06-06 22:14:40,014 Stage-1 map = 100%,  reduce = 0%
2013-06-06 22:15:43,527 Stage-1 map = 100%,  reduce = 0%
2013-06-06 22:16:43,758 Stage-1 map = 100%,  reduce = 0%
2013-06-06 22:17:07,974 Stage-1 map = 100%,  reduce = 100%
Ended Job = job_201306060848_3536
OK
Time taken: 25923.462 seconds
